# JRE version: OpenJDK Runtime Environment (8.0_242-b01) (build 1.8.0_242-release-1644-b01)
# Java VM: OpenJDK 64-Bit Server VM (25.242-b01 mixed mode windows-amd64 compressed oops)
Heap:
 PSYoungGen      total 473088K, used 155171K [0x00000000e0000000, 0x00000000ffc00000, 0x0000000100000000)
  eden space 425472K, 34% used [0x00000000e0000000,0x00000000e8fb8d78,0x00000000f9f80000)
  from space 47616K, 16% used [0x00000000f9f80000,0x00000000fa750000,0x00000000fce00000)
  to   space 45568K, 0% used [0x00000000fcf80000,0x00000000fcf80000,0x00000000ffc00000)
 ParOldGen       total 187392K, used 159289K [0x00000000a0000000, 0x00000000ab700000, 0x00000000e0000000)
  object space 187392K, 85% used [0x00000000a0000000,0x00000000a9b8e5e0,0x00000000ab700000)
 Metaspace       used 127829K, capacity 133668K, committed 133912K, reserved 1165312K
  class space    used 16207K, capacity 17358K, committed 17456K, reserved 1048576K
GC Heap History (10 events):
Event: 231.043 GC heap before
{Heap before GC invocations=51 (full 4):
 PSYoungGen      total 463360K, used 417511K [0x00000000e0000000, 0x00000000ffb00000, 0x0000000100000000)
  eden space 410624K, 100% used [0x00000000e0000000,0x00000000f9100000,0x00000000f9100000)
  from space 52736K, 13% used [0x00000000fc780000,0x00000000fce39df0,0x00000000ffb00000)
  to   space 54272K, 0% used [0x00000000f9100000,0x00000000f9100000,0x00000000fc600000)
 ParOldGen       total 187392K, used 117559K [0x00000000a0000000, 0x00000000ab700000, 0x00000000e0000000)
  object space 187392K, 62% used [0x00000000a0000000,0x00000000a72cdf88,0x00000000ab700000)
 Metaspace       used 127681K, capacity 133484K, committed 133656K, reserved 1165312K
  class space    used 16195K, capacity 17348K, committed 17456K, reserved 1048576K
Event: 231.060 GC heap after
Heap after GC invocations=51 (full 4):
 PSYoungGen      total 464896K, used 16392K [0x00000000e0000000, 0x00000000ffa80000, 0x0000000100000000)
  eden space 410624K, 0% used [0x00000000e0000000,0x00000000e0000000,0x00000000f9100000)
  from space 54272K, 30% used [0x00000000f9100000,0x00000000fa102290,0x00000000fc600000)
  to   space 50688K, 0% used [0x00000000fc900000,0x00000000fc900000,0x00000000ffa80000)
 ParOldGen       total 187392K, used 120046K [0x00000000a0000000, 0x00000000ab700000, 0x00000000e0000000)
  object space 187392K, 64% used [0x00000000a0000000,0x00000000a753baf0,0x00000000ab700000)
 Metaspace       used 127681K, capacity 133484K, committed 133656K, reserved 1165312K
  class space    used 16195K, capacity 17348K, committed 17456K, reserved 1048576K
}
Event: 232.948 GC heap before
{Heap before GC invocations=52 (full 4):
 PSYoungGen      total 464896K, used 427016K [0x00000000e0000000, 0x00000000ffa80000, 0x0000000100000000)
  eden space 410624K, 100% used [0x00000000e0000000,0x00000000f9100000,0x00000000f9100000)
  from space 54272K, 30% used [0x00000000f9100000,0x00000000fa102290,0x00000000fc600000)
  to   space 50688K, 0% used [0x00000000fc900000,0x00000000fc900000,0x00000000ffa80000)
 ParOldGen       total 187392K, used 120046K [0x00000000a0000000, 0x00000000ab700000, 0x00000000e0000000)
  object space 187392K, 64% used [0x00000000a0000000,0x00000000a753baf0,0x00000000ab700000)
 Metaspace       used 127701K, capacity 133548K, committed 133656K, reserved 1165312K
  class space    used 16196K, capacity 17348K, committed 17456K, reserved 1048576K
Event: 232.996 GC heap after
Heap after GC invocations=52 (full 4):
 PSYoungGen      total 468992K, used 2908K [0x00000000e0000000, 0x00000000ffa80000, 0x0000000100000000)
  eden space 418304K, 0% used [0x00000000e0000000,0x00000000e0000000,0x00000000f9880000)
  from space 50688K, 5% used [0x00000000fc900000,0x00000000fcbd72b0,0x00000000ffa80000)
  to   space 49664K, 0% used [0x00000000f9880000,0x00000000f9880000,0x00000000fc900000)
 ParOldGen       total 187392K, used 133326K [0x00000000a0000000, 0x00000000ab700000, 0x00000000e0000000)
  object space 187392K, 71% used [0x00000000a0000000,0x00000000a82338e8,0x00000000ab700000)
 Metaspace       used 127701K, capacity 133548K, committed 133656K, reserved 1165312K
  class space    used 16196K, capacity 17348K, committed 17456K, reserved 1048576K
}
Event: 236.834 GC heap before
{Heap before GC invocations=53 (full 4):
 PSYoungGen      total 468992K, used 421212K [0x00000000e0000000, 0x00000000ffa80000, 0x0000000100000000)
  eden space 418304K, 100% used [0x00000000e0000000,0x00000000f9880000,0x00000000f9880000)
  from space 50688K, 5% used [0x00000000fc900000,0x00000000fcbd72b0,0x00000000ffa80000)
  to   space 49664K, 0% used [0x00000000f9880000,0x00000000f9880000,0x00000000fc900000)
 ParOldGen       total 187392K, used 133326K [0x00000000a0000000, 0x00000000ab700000, 0x00000000e0000000)
  object space 187392K, 71% used [0x00000000a0000000,0x00000000a82338e8,0x00000000ab700000)
 Metaspace       used 127736K, capacity 133560K, committed 133912K, reserved 1165312K
  class space    used 16198K, capacity 17350K, committed 17456K, reserved 1048576K
Event: 237.060 GC heap after
Heap after GC invocations=53 (full 4):
 PSYoungGen      total 467968K, used 22958K [0x00000000e0000000, 0x00000000ffe00000, 0x0000000100000000)
  eden space 418304K, 0% used [0x00000000e0000000,0x00000000e0000000,0x00000000f9880000)
  from space 49664K, 46% used [0x00000000f9880000,0x00000000faeeb818,0x00000000fc900000)
  to   space 49152K, 0% used [0x00000000fce00000,0x00000000fce00000,0x00000000ffe00000)
 ParOldGen       total 187392K, used 134761K [0x00000000a0000000, 0x00000000ab700000, 0x00000000e0000000)
  object space 187392K, 71% used [0x00000000a0000000,0x00000000a839a5f8,0x00000000ab700000)
 Metaspace       used 127736K, capacity 133560K, committed 133912K, reserved 1165312K
  class space    used 16198K, capacity 17350K, committed 17456K, reserved 1048576K
}
Event: 241.961 GC heap before
{Heap before GC invocations=54 (full 4):
 PSYoungGen      total 467968K, used 441262K [0x00000000e0000000, 0x00000000ffe00000, 0x0000000100000000)
  eden space 418304K, 100% used [0x00000000e0000000,0x00000000f9880000,0x00000000f9880000)
  from space 49664K, 46% used [0x00000000f9880000,0x00000000faeeb818,0x00000000fc900000)
  to   space 49152K, 0% used [0x00000000fce00000,0x00000000fce00000,0x00000000ffe00000)
 ParOldGen       total 187392K, used 134761K [0x00000000a0000000, 0x00000000ab700000, 0x00000000e0000000)
  object space 187392K, 71% used [0x00000000a0000000,0x00000000a839a5f8,0x00000000ab700000)
 Metaspace       used 127763K, capacity 133572K, committed 133912K, reserved 1165312K
  class space    used 16200K, capacity 17352K, committed 17456K, reserved 1048576K
Event: 242.301 GC heap after
Heap after GC invocations=54 (full 4):
 PSYoungGen      total 473088K, used 6519K [0x00000000e0000000, 0x00000000ffc80000, 0x0000000100000000)
  eden space 425472K, 0% used [0x00000000e0000000,0x00000000e0000000,0x00000000f9f80000)
  from space 47616K, 13% used [0x00000000fce00000,0x00000000fd45dda8,0x00000000ffc80000)
  to   space 47616K, 0% used [0x00000000f9f80000,0x00000000f9f80000,0x00000000fce00000)
 ParOldGen       total 187392K, used 154651K [0x00000000a0000000, 0x00000000ab700000, 0x00000000e0000000)
  object space 187392K, 82% used [0x00000000a0000000,0x00000000a9706e20,0x00000000ab700000)
 Metaspace       used 127763K, capacity 133572K, committed 133912K, reserved 1165312K
  class space    used 16200K, capacity 17352K, committed 17456K, reserved 1048576K
}
Event: 245.517 GC heap before
{Heap before GC invocations=55 (full 4):
 PSYoungGen      total 473088K, used 431991K [0x00000000e0000000, 0x00000000ffc80000, 0x0000000100000000)
  eden space 425472K, 100% used [0x00000000e0000000,0x00000000f9f80000,0x00000000f9f80000)
  from space 47616K, 13% used [0x00000000fce00000,0x00000000fd45dda8,0x00000000ffc80000)
  to   space 47616K, 0% used [0x00000000f9f80000,0x00000000f9f80000,0x00000000fce00000)
 ParOldGen       total 187392K, used 154651K [0x00000000a0000000, 0x00000000ab700000, 0x00000000e0000000)
  object space 187392K, 82% used [0x00000000a0000000,0x00000000a9706e20,0x00000000ab700000)
 Metaspace       used 127820K, capacity 133662K, committed 133912K, reserved 1165312K
  class space    used 16207K, capacity 17357K, committed 17456K, reserved 1048576K
Event: 245.832 GC heap after
Heap after GC invocations=55 (full 4):
 PSYoungGen      total 473088K, used 8000K [0x00000000e0000000, 0x00000000ffc00000, 0x0000000100000000)
  eden space 425472K, 0% used [0x00000000e0000000,0x00000000e0000000,0x00000000f9f80000)
  from space 47616K, 16% used [0x00000000f9f80000,0x00000000fa750000,0x00000000fce00000)
  to   space 45568K, 0% used [0x00000000fcf80000,0x00000000fcf80000,0x00000000ffc00000)
 ParOldGen       total 187392K, used 159289K [0x00000000a0000000, 0x00000000ab700000, 0x00000000e0000000)
  object space 187392K, 85% used [0x00000000a0000000,0x00000000a9b8e5e0,0x00000000ab700000)
 Metaspace       used 127820K, capacity 133662K, committed 133912K, reserved 1165312K
  class space    used 16207K, capacity 17357K, committed 17456K, reserved 1048576K
}

